#
# A fatal error has been detected by the Java Runtime Environment:
#
#  EXCEPTION_ACCESS_VIOLATION (0xc0000005) at pc=0x000000006e9bf2f2, pid=4636, tid=5724
#
# JRE version: Java(TM) SE Runtime Environment (8.0_05-b13) (build 1.8.0_05-b13)
# Java VM: Java HotSpot(TM) 64-Bit Server VM (25.5-b02 mixed mode windows-amd64 compressed oops)
# Problematic frame:
# V  [jvm.dll+0x9f2f2]
#
# Failed to write core dump. Minidumps are not enabled by default on client versions of Windows
#
# If you would like to submit a bug report, please visit:
#   http://bugreport.sun.com/bugreport/crash.jsp
#

---------------  T H R E A D  ---------------

Current thread (0x0000000002196000):  GCTaskThread [stack: 0x0000000012280000,0x0000000012380000] [id=5724]

siginfo: ExceptionCode=0xc0000005, reading address 0x00000000000000d8

Registers:
RAX=0x0000000000000000, RBX=0x00000000eee35b92, RCX=0x0000000000021424, RDX=0x00000000eee35b92
RSP=0x000000001237f2b8, RBP=0x0000000000000000, RSI=0x0000000054b58900, RDI=0x00002390000018cf
R8 =0x0000000000000000, R9 =0x0000000000021424, R10=0x0000000000000002, R11=0x000000001237f3d0
R12=0x000000006ef29f08, R13=0x3ee000000000c798, R14=0x0000000000000000, R15=0x0000000002196350
RIP=0x000000006e9bf2f2, EFLAGS=0x0000000000010246

Top of Stack: (sp=0x000000001237f2b8)
0x000000001237f2b8:   000000006ecf0742 00000000ece01f68
0x000000001237f2c8:   0000000054b58900 0000000054b58900
0x000000001237f2d8:   000007fefd7f10dc 00000000ee9f0010
0x000000001237f2e8:   000000006ecf0efb 00000000c7e36ee8
0x000000001237f2f8:   0000000000000400 0000000000000000
0x000000001237f308:   0000000002193c01 000000006ef29f08
0x000000001237f318:   000000006ecf0cd0 00000000ee24c59c
0x000000001237f328:   0000000000000000 0000000054b58900
0x000000001237f338:   00002390000018cf 00000000ee24c59c
0x000000001237f348:   000000006ecf14b5 00000000ecc00000
0x000000001237f358:   000000006ecf3b43 00000000ee24c610
0x000000001237f368:   000000006ea1fbd3 00002390000018cf
0x000000001237f378:   00000000ee24c59d 0000000011d58b00
0x000000001237f388:   00002390000018cf 000040f300001816
0x000000001237f398:   0000238f000018cf 000000000228d0d0
0x000000001237f3a8:   000000006eb7c25f 000040f300001816 

Instructions: (pc=0x000000006e9bf2f2)
0x000000006e9bf2d2:   e2 49 8d 0c 11 49 f7 d1 48 03 c1 49 c1 e9 03 48
0x000000006e9bf2e2:   c1 e8 03 41 23 c1 c3 48 8b 02 48 8b d1 49 8b c9
0x000000006e9bf2f2:   48 ff a0 d8 00 00 00 cc cc cc cc cc cc cc 80 3d
0x000000006e9bf302:   f2 8f 70 00 00 48 8b c1 74 1b 8b 51 08 8b 0d 43 


Register to memory mapping:

RAX=0x0000000000000000 is an unknown value
RBX=0x00000000eee35b92 is an unknown value
RCX=0x0000000000021424 is an unknown value
RDX=0x00000000eee35b92 is an unknown value
RSP=0x000000001237f2b8 is an unknown value
RBP=0x0000000000000000 is an unknown value
RSI=0x0000000054b58900 is an unknown value
RDI=0x00002390000018cf is an unknown value
R8 =0x0000000000000000 is an unknown value
R9 =0x0000000000021424 is an unknown value
R10=0x0000000000000002 is an unknown value
R11=0x000000001237f3d0 is an unknown value
R12=0x000000006ef29f08 is an unknown value
R13=0x3ee000000000c798 is an unknown value
R14=0x0000000000000000 is an unknown value
R15=0x0000000002196350 is an unknown value


Stack: [0x0000000012280000,0x0000000012380000],  sp=0x000000001237f2b8,  free space=1020k
Native frames: (J=compiled Java code, j=interpreted, Vv=VM code, C=native code)


---------------  P R O C E S S  ---------------

Java Threads: ( => current thread )
  0x00000000594f7800 JavaThread "TimerQueue" daemon [_thread_blocked, id=1136, stack(0x0000000059d50000,0x0000000059e50000)]
  0x00000000590ca800 JavaThread "D3D Screen Updater" daemon [_thread_blocked, id=5620, stack(0x000000005b670000,0x000000005b770000)]
  0x000000000228d800 JavaThread "DestroyJavaVM" [_thread_blocked, id=5520, stack(0x00000000025c0000,0x00000000026c0000)]
  0x0000000056215000 JavaThread "AWT-EventQueue-0" [_thread_blocked, id=1740, stack(0x0000000056b70000,0x0000000056c70000)]
  0x00000000561b6000 JavaThread "AWT-Windows" daemon [_thread_blocked, id=5772, stack(0x00000000562a0000,0x00000000563a0000)]
  0x00000000561b3800 JavaThread "AWT-Shutdown" [_thread_blocked, id=5212, stack(0x00000000566f0000,0x00000000567f0000)]
  0x00000000561b2800 JavaThread "Java2D Disposer" daemon [_thread_blocked, id=3188, stack(0x0000000056520000,0x0000000056620000)]
  0x0000000054bd2000 JavaThread "Service Thread" daemon [_thread_blocked, id=868, stack(0x0000000055b00000,0x0000000055c00000)]
  0x0000000054bca000 JavaThread "C1 CompilerThread1" daemon [_thread_blocked, id=2332, stack(0x0000000055d80000,0x0000000055e80000)]
  0x0000000054bc8000 JavaThread "C2 CompilerThread0" daemon [_thread_blocked, id=4768, stack(0x0000000055c70000,0x0000000055d70000)]
  0x0000000054bd9000 JavaThread "Attach Listener" daemon [_thread_blocked, id=5924, stack(0x0000000055600000,0x0000000055700000)]
  0x0000000054bd7800 JavaThread "Signal Dispatcher" daemon [_thread_blocked, id=5252, stack(0x0000000055980000,0x0000000055a80000)]
  0x0000000054b6c800 JavaThread "Finalizer" daemon [_thread_blocked, id=5292, stack(0x0000000055870000,0x0000000055970000)]
  0x0000000054b61800 JavaThread "Reference Handler" daemon [_thread_blocked, id=5032, stack(0x0000000055720000,0x0000000055820000)]

Other Threads:
  0x0000000054b5e000 VMThread [stack: 0x0000000055450000,0x0000000055550000] [id=4132]
  0x0000000055e80800 WatcherThread [stack: 0x00000000563c0000,0x00000000564c0000] [id=1248]

=>0x0000000002196000 (exited) GCTaskThread [stack: 0x0000000012280000,0x0000000012380000] [id=5724]

VM state:at safepoint (normal execution)

VM Mutex/Monitor currently owned by a thread:  ([mutex/lock_event])
[0x000000000228bed0] Threads_lock - owner thread: 0x0000000054b5e000
[0x000000000228c3d0] Heap_lock - owner thread: 0x0000000056215000

Heap:
 PSYoungGen      total 29696K, used 28288K [0x00000000ecc00000, 0x00000000ef380000, 0x0000000100000000)
  eden space 22016K, 100% used [0x00000000ecc00000,0x00000000ee180000,0x00000000ee180000)
  from space 7680K, 81% used [0x00000000eea00000,0x00000000ef020000,0x00000000ef180000)
  to   space 8704K, 99% used [0x00000000ee180000,0x00000000ee9f8010,0x00000000eea00000)
 ParOldGen       total 57856K, used 26851K [0x00000000c6400000, 0x00000000c9c80000, 0x00000000ecc00000)
  object space 57856K, 46% used [0x00000000c6400000,0x00000000c7e38ee8,0x00000000c9c80000)
 Metaspace       used 17586K, capacity 17794K, committed 18176K, reserved 1064960K
  class space    used 2135K, capacity 2197K, committed 2304K, reserved 1048576K

Card table byte_map: [0x0000000011d50000,0x0000000011f20000] byte_map_base: 0x000000001171e000

Marking Bits: (ParMarkBitMap*) 0x000000006f0d13b0
 Begin Bits: [0x0000000012380000, 0x00000000131f0000)
 End Bits:   [0x00000000131f0000, 0x0000000014060000)

Polling page: 0x0000000000130000

CodeCache: size=245760Kb used=9370Kb max_used=9383Kb free=236389Kb
 bounds [0x0000000002990000, 0x00000000032d0000, 0x0000000011990000]
 total_blobs=3545 nmethods=2943 adapters=513
 compilation: enabled

Compilation events (10 events):
Event: 143.869 Thread 0x0000000054bc8000 2945 %     4       o_osoftwaresuite.O_OManagerZone::getTableVal @ 33 (104 bytes)
Event: 143.971 Thread 0x0000000054bc8000 nmethod 2945% 0x00000000032b6d50 code [0x00000000032b6ee0, 0x00000000032b82c8]
Event: 143.971 Thread 0x0000000054bc8000 2929       4       javax.swing.DefaultListSelectionModel::fireValueChanged (74 bytes)
Event: 143.974 Thread 0x0000000054bc8000 nmethod 2929 0x00000000032b1ad0 code [0x00000000032b1c20, 0x00000000032b1ce8]
Event: 143.974 Thread 0x0000000054bc8000 2934   !   4       javax.swing.JTable::tableChanged (268 bytes)
Event: 144.081 Thread 0x0000000054bc8000 nmethod 2934 0x00000000032bb6d0 code [0x00000000032bb9e0, 0x00000000032bcc18]
Event: 144.081 Thread 0x0000000054bc8000 2940       4       javax.swing.JTable::tableRowsInserted (117 bytes)
Event: 144.231 Thread 0x0000000054bc8000 nmethod 2940 0x00000000032bee50 code [0x00000000032bf0e0, 0x00000000032bff48]
Event: 144.231 Thread 0x0000000054bc8000 2938       4       javax.swing.DefaultListSelectionModel::insertIndexInterval (194 bytes)
Event: 144.263 Thread 0x0000000054bc8000 nmethod 2938 0x00000000032c1850 code [0x00000000032c1a20, 0x00000000032c21d0]

GC Heap History (10 events):
Event: 104.223 GC heap after
Heap after GC invocations=12 (full 0):
 PSYoungGen      total 13312K, used 256K [0x00000000ecc00000, 0x00000000edc00000, 0x0000000100000000)
  eden space 10240K, 0% used [0x00000000ecc00000,0x00000000ecc00000,0x00000000ed600000)
  from space 3072K, 8% used [0x00000000ed900000,0x00000000ed940000,0x00000000edc00000)
  to   space 3072K, 0% used [0x00000000ed600000,0x00000000ed600000,0x00000000ed900000)
 ParOldGen       total 57856K, used 4323K [0x00000000c6400000, 0x00000000c9c80000, 0x00000000ecc00000)
  object space 57856K, 7% used [0x00000000c6400000,0x00000000c6838ed8,0x00000000c9c80000)
 Metaspace       used 17451K, capacity 17666K, committed 17920K, reserved 1064960K
  class space    used 2133K, capacity 2197K, committed 2304K, reserved 1048576K
}
Event: 143.099 GC heap before
{Heap before GC invocations=13 (full 0):
 PSYoungGen      total 13312K, used 10496K [0x00000000ecc00000, 0x00000000edc00000, 0x0000000100000000)
  eden space 10240K, 100% used [0x00000000ecc00000,0x00000000ed600000,0x00000000ed600000)
  from space 3072K, 8% used [0x00000000ed900000,0x00000000ed940000,0x00000000edc00000)
  to   space 3072K, 0% used [0x00000000ed600000,0x00000000ed600000,0x00000000ed900000)
 ParOldGen       total 57856K, used 4323K [0x00000000c6400000, 0x00000000c9c80000, 0x00000000ecc00000)
  object space 57856K, 7% used [0x00000000c6400000,0x00000000c6838ed8,0x00000000c9c80000)
 Metaspace       used 17581K, capacity 17730K, committed 17920K, reserved 1064960K
  class space    used 2134K, capacity 2197K, committed 2304K, reserved 1048576K
Event: 143.118 GC heap after
Heap after GC invocations=13 (full 0):
 PSYoungGen      total 13312K, used 2304K [0x00000000ecc00000, 0x00000000ee200000, 0x0000000100000000)
  eden space 10240K, 0% used [0x00000000ecc00000,0x00000000ecc00000,0x00000000ed600000)
  from space 3072K, 75% used [0x00000000ed600000,0x00000000ed840010,0x00000000ed900000)
  to   space 3072K, 0% used [0x00000000edf00000,0x00000000edf00000,0x00000000ee200000)
 ParOldGen       total 57856K, used 4395K [0x00000000c6400000, 0x00000000c9c80000, 0x00000000ecc00000)
  object space 57856K, 7% used [0x00000000c6400000,0x00000000c684aed8,0x00000000c9c80000)
 Metaspace       used 17581K, capacity 17730K, committed 17920K, reserved 1064960K
  class space    used 2134K, capacity 2197K, committed 2304K, reserved 1048576K
}
Event: 143.622 GC heap before
{Heap before GC invocations=14 (full 0):
 PSYoungGen      total 13312K, used 12544K [0x00000000ecc00000, 0x00000000ee200000, 0x0000000100000000)
  eden space 10240K, 100% used [0x00000000ecc00000,0x00000000ed600000,0x00000000ed600000)
  from space 3072K, 75% used [0x00000000ed600000,0x00000000ed840010,0x00000000ed900000)
  to   space 3072K, 0% used [0x00000000edf00000,0x00000000edf00000,0x00000000ee200000)
 ParOldGen       total 57856K, used 4395K [0x00000000c6400000, 0x00000000c9c80000, 0x00000000ecc00000)
  object space 57856K, 7% used [0x00000000c6400000,0x00000000c684aed8,0x00000000c9c80000)
 Metaspace       used 17586K, capacity 17794K, committed 18176K, reserved 1064960K
  class space    used 2135K, capacity 2197K, committed 2304K, reserved 1048576K
Event: 143.664 GC heap after
Heap after GC invocations=14 (full 0):
 PSYoungGen      total 17408K, used 3040K [0x00000000ecc00000, 0x00000000ee600000, 0x0000000100000000)
  eden space 14336K, 0% used [0x00000000ecc00000,0x00000000ecc00000,0x00000000eda00000)
  from space 3072K, 98% used [0x00000000edf00000,0x00000000ee1f8010,0x00000000ee200000)
  to   space 5120K, 0% used [0x00000000eda00000,0x00000000eda00000,0x00000000edf00000)
 ParOldGen       total 57856K, used 7867K [0x00000000c6400000, 0x00000000c9c80000, 0x00000000ecc00000)
  object space 57856K, 13% used [0x00000000c6400000,0x00000000c6baeed8,0x00000000c9c80000)
 Metaspace       used 17586K, capacity 17794K, committed 18176K, reserved 1064960K
  class space    used 2135K, capacity 2197K, committed 2304K, reserved 1048576K
}
Event: 143.878 GC heap before
{Heap before GC invocations=15 (full 0):
 PSYoungGen      total 17408K, used 17376K [0x00000000ecc00000, 0x00000000ee600000, 0x0000000100000000)
  eden space 14336K, 100% used [0x00000000ecc00000,0x00000000eda00000,0x00000000eda00000)
  from space 3072K, 98% used [0x00000000edf00000,0x00000000ee1f8010,0x00000000ee200000)
  to   space 5120K, 0% used [0x00000000eda00000,0x00000000eda00000,0x00000000edf00000)
 ParOldGen       total 57856K, used 7867K [0x00000000c6400000, 0x00000000c9c80000, 0x00000000ecc00000)
  object space 57856K, 13% used [0x00000000c6400000,0x00000000c6baeed8,0x00000000c9c80000)
 Metaspace       used 17586K, capacity 17794K, committed 18176K, reserved 1064960K
  class space    used 2135K, capacity 2197K, committed 2304K, reserved 1048576K
Event: 143.967 GC heap after
Heap after GC invocations=15 (full 0):
 PSYoungGen      total 19456K, used 5088K [0x00000000ecc00000, 0x00000000ef180000, 0x0000000100000000)
  eden space 14336K, 0% used [0x00000000ecc00000,0x00000000ecc00000,0x00000000eda00000)
  from space 5120K, 99% used [0x00000000eda00000,0x00000000edef8010,0x00000000edf00000)
  to   space 7680K, 0% used [0x00000000eea00000,0x00000000eea00000,0x00000000ef180000)
 ParOldGen       total 57856K, used 12659K [0x00000000c6400000, 0x00000000c9c80000, 0x00000000ecc00000)
  object space 57856K, 21% used [0x00000000c6400000,0x00000000c705ced8,0x00000000c9c80000)
 Metaspace       used 17586K, capacity 17794K, committed 18176K, reserved 1064960K
  class space    used 2135K, capacity 2197K, committed 2304K, reserved 1048576K
}
Event: 144.136 GC heap before
{Heap before GC invocations=16 (full 0):
 PSYoungGen      total 19456K, used 18249K [0x00000000ecc00000, 0x00000000ef180000, 0x0000000100000000)
  eden space 14336K, 91% used [0x00000000ecc00000,0x00000000ed8da6c8,0x00000000eda00000)
  from space 5120K, 99% used [0x00000000eda00000,0x00000000edef8010,0x00000000edf00000)
  to   space 7680K, 0% used [0x00000000eea00000,0x00000000eea00000,0x00000000ef180000)
 ParOldGen       total 57856K, used 12659K [0x00000000c6400000, 0x00000000c9c80000, 0x00000000ecc00000)
  object space 57856K, 21% used [0x00000000c6400000,0x00000000c705ced8,0x00000000c9c80000)
 Metaspace       used 17586K, capacity 17794K, committed 18176K, reserved 1064960K
  class space    used 2135K, capacity 2197K, committed 2304K, reserved 1048576K
Event: 144.226 GC heap after
Heap after GC invocations=16 (full 0):
 PSYoungGen      total 29696K, used 6272K [0x00000000ecc00000, 0x00000000ef380000, 0x0000000100000000)
  eden space 22016K, 0% used [0x00000000ecc00000,0x00000000ecc00000,0x00000000ee180000)
  from space 7680K, 81% used [0x00000000eea00000,0x00000000ef020000,0x00000000ef180000)
  to   space 8704K, 0% used [0x00000000ee180000,0x00000000ee180000,0x00000000eea00000)
 ParOldGen       total 57856K, used 17763K [0x00000000c6400000, 0x00000000c9c80000, 0x00000000ecc00000)
  object space 57856K, 30% used [0x00000000c6400000,0x00000000c7558ee8,0x00000000c9c80000)
 Metaspace       used 17586K, capacity 17794K, committed 18176K, reserved 1064960K
  class space    used 2135K, capacity 2197K, committed 2304K, reserved 1048576K
}
Event: 144.483 GC heap before
{Heap before GC invocations=17 (full 0):
 PSYoungGen      total 29696K, used 28288K [0x00000000ecc00000, 0x00000000ef380000, 0x0000000100000000)
  eden space 22016K, 100% used [0x00000000ecc00000,0x00000000ee180000,0x00000000ee180000)
  from space 7680K, 81% used [0x00000000eea00000,0x00000000ef020000,0x00000000ef180000)
  to   space 8704K, 0% used [0x00000000ee180000,0x00000000ee180000,0x00000000eea00000)
 ParOldGen       total 57856K, used 17763K [0x00000000c6400000, 0x00000000c9c80000, 0x00000000ecc00000)
  object space 57856K, 30% used [0x00000000c6400000,0x00000000c7558ee8,0x00000000c9c80000)
 Metaspace       used 17586K, capacity 17794K, committed 18176K, reserved 1064960K
  class space    used 2135K, capacity 2197K, committed 2304K, reserved 1048576K

Deoptimization events (10 events):
Event: 7.152 Thread 0x0000000056215000 Uncommon trap: reason=class_check action=maybe_recompile pc=0x0000000002b4b9cc method=java.lang.String.equals(Ljava/lang/Object;)Z @ 8
Event: 26.598 Thread 0x0000000056215000 Uncommon trap: reason=null_check action=make_not_entrant pc=0x0000000002f918ec method=javax.swing.plaf.nimbus.NimbusDefaults$LazyStyle.matches(Ljava/awt/Component;I)Z @ 39
Event: 47.709 Thread 0x0000000056215000 Uncommon trap: reason=unreached action=reinterpret pc=0x00000000030b1bec method=sun.java2d.SunGraphics2D.setColor(Ljava/awt/Color;)V @ 1
Event: 75.253 Thread 0x0000000056215000 Uncommon trap: reason=class_check action=maybe_recompile pc=0x000000000312ccec method=java.awt.EventQueue.cacheEQItem(Lsun/awt/EventQueueItem;)V @ 20
Event: 75.278 Thread 0x0000000056215000 Uncommon trap: reason=unreached action=reinterpret pc=0x00000000030de444 method=java.awt.font.FontRenderContext.equals(Ljava/awt/font/FontRenderContext;)Z @ 35
Event: 76.023 Thread 0x0000000056215000 Uncommon trap: reason=class_check action=maybe_recompile pc=0x000000000312ccec method=java.awt.EventQueue.cacheEQItem(Lsun/awt/EventQueueItem;)V @ 20
Event: 76.037 Thread 0x0000000056215000 Uncommon trap: reason=class_check action=maybe_recompile pc=0x000000000312ccec method=java.awt.EventQueue.cacheEQItem(Lsun/awt/EventQueueItem;)V @ 20
Event: 76.048 Thread 0x0000000056215000 Uncommon trap: reason=class_check action=maybe_recompile pc=0x000000000312ccec method=java.awt.EventQueue.cacheEQItem(Lsun/awt/EventQueueItem;)V @ 20
Event: 78.512 Thread 0x0000000056215000 Uncommon trap: reason=unreached action=reinterpret pc=0x0000000003158c04 method=java.awt.EventQueue.getPriority(Ljava/awt/AWTEvent;)I @ 4
Event: 78.512 Thread 0x0000000056215000 Uncommon trap: reason=unreached action=reinterpret pc=0x000000000313b21c method=java.awt.EventQueue.eventToCacheIndex(Ljava/awt/AWTEvent;)I @ 71

Internal exceptions (10 events):
Event: 9.608 Thread 0x0000000056215000 Exception <a 'java/security/PrivilegedActionException'> (0x00000000ece91718) thrown at [D:\re\workspace\8-2-build-windows-amd64-cygwin\jdk8u5\2488\hotspot\src\share\vm\prims\jvm.cpp, line 1248]
Event: 9.617 Thread 0x0000000056215000 Exception <a 'java/security/PrivilegedActionException'> (0x00000000ece94530) thrown at [D:\re\workspace\8-2-build-windows-amd64-cygwin\jdk8u5\2488\hotspot\src\share\vm\prims\jvm.cpp, line 1248]
Event: 9.636 Thread 0x0000000056215000 Exception <a 'java/security/PrivilegedActionException'> (0x00000000eceabef0) thrown at [D:\re\workspace\8-2-build-windows-amd64-cygwin\jdk8u5\2488\hotspot\src\share\vm\prims\jvm.cpp, line 1248]
Event: 9.642 Thread 0x0000000056215000 Exception <a 'java/security/PrivilegedActionException'> (0x00000000eceb6278) thrown at [D:\re\workspace\8-2-build-windows-amd64-cygwin\jdk8u5\2488\hotspot\src\share\vm\prims\jvm.cpp, line 1248]
Event: 9.792 Thread 0x0000000056215000 Exception <a 'java/security/PrivilegedActionException'> (0x00000000eceed648) thrown at [D:\re\workspace\8-2-build-windows-amd64-cygwin\jdk8u5\2488\hotspot\src\share\vm\prims\jvm.cpp, line 1248]
Event: 11.298 Thread 0x0000000056215000 Exception <a 'java/security/PrivilegedActionException'> (0x00000000ecf66180) thrown at [D:\re\workspace\8-2-build-windows-amd64-cygwin\jdk8u5\2488\hotspot\src\share\vm\prims\jvm.cpp, line 1248]
Event: 11.330 Thread 0x0000000056215000 Exception <a 'java/security/PrivilegedActionException'> (0x00000000ecf6ae70) thrown at [D:\re\workspace\8-2-build-windows-amd64-cygwin\jdk8u5\2488\hotspot\src\share\vm\prims\jvm.cpp, line 1248]
Event: 11.332 Thread 0x0000000056215000 Exception <a 'java/security/PrivilegedActionException'> (0x00000000ecf6cfd0) thrown at [D:\re\workspace\8-2-build-windows-amd64-cygwin\jdk8u5\2488\hotspot\src\share\vm\prims\jvm.cpp, line 1248]
Event: 21.183 Thread 0x0000000056215000 Exception <a 'java/security/PrivilegedActionException'> (0x00000000ecc10fb8) thrown at [D:\re\workspace\8-2-build-windows-amd64-cygwin\jdk8u5\2488\hotspot\src\share\vm\prims\jvm.cpp, line 1248]
Event: 26.598 Thread 0x0000000056215000 Implicit null exception at 0x0000000002f8e9fd to 0x0000000002f918cd

Events (10 events):
Event: 143.533 loading class javax/swing/RowSorter done
Event: 143.622 Executing VM operation: ParallelGCFailedAllocation
Event: 143.664 Executing VM operation: ParallelGCFailedAllocation done
Event: 143.859 Thread 0x0000000056215000 DEOPT PACKING pc=0x000000000329f519 sp=0x0000000056c6cbd0
Event: 143.859 Thread 0x0000000056215000 DEOPT UNPACKING pc=0x00000000029d7204 sp=0x0000000056c6c9f0 mode 0
Event: 143.878 Executing VM operation: ParallelGCFailedAllocation
Event: 143.967 Executing VM operation: ParallelGCFailedAllocation done
Event: 144.136 Executing VM operation: ParallelGCFailedAllocation
Event: 144.226 Executing VM operation: ParallelGCFailedAllocation done
Event: 144.483 Executing VM operation: ParallelGCFailedAllocation


Dynamic libraries:
0x000000013f510000 - 0x000000013f544000 	C:\Program Files\Java\jdk1.8.0_05\bin\java.exe
0x00000000778b0000 - 0x0000000077a59000 	C:\Windows\SYSTEM32\ntdll.dll
0x0000000077790000 - 0x00000000778af000 	C:\Windows\system32\kernel32.dll
0x000007fefd7f0000 - 0x000007fefd85c000 	C:\Windows\system32\KERNELBASE.dll
0x000007feffa50000 - 0x000007feffb2b000 	C:\Windows\system32\ADVAPI32.dll
0x000007fefe950000 - 0x000007fefe9ef000 	C:\Windows\system32\msvcrt.dll
0x000007feffb30000 - 0x000007feffb4f000 	C:\Windows\SYSTEM32\sechost.dll
0x000007fefe180000 - 0x000007fefe2ad000 	C:\Windows\system32\RPCRT4.dll
0x0000000077690000 - 0x000000007778a000 	C:\Windows\system32\USER32.dll
0x000007feffb50000 - 0x000007feffbb7000 	C:\Windows\system32\GDI32.dll
0x000007fefde80000 - 0x000007fefde8e000 	C:\Windows\system32\LPK.dll
0x000007fefe3c0000 - 0x000007fefe48a000 	C:\Windows\system32\USP10.dll
0x000007fefbfb0000 - 0x000007fefc1a4000 	C:\Windows\WinSxS\amd64_microsoft.windows.common-controls_6595b64144ccf1df_6.0.7601.17514_none_fa396087175ac9ac\COMCTL32.dll
0x000007fefde00000 - 0x000007fefde71000 	C:\Windows\system32\SHLWAPI.dll
0x000007fefe790000 - 0x000007fefe7be000 	C:\Windows\system32\IMM32.DLL
0x000007fefe2b0000 - 0x000007fefe3b9000 	C:\Windows\system32\MSCTF.dll
0x00000000749e0000 - 0x0000000074ab2000 	C:\Program Files\Java\jdk1.8.0_05\jre\bin\msvcr100.dll
0x000000006e920000 - 0x000000006f14a000 	C:\Program Files\Java\jdk1.8.0_05\jre\bin\server\jvm.dll
0x000007fef1390000 - 0x000007fef1399000 	C:\Windows\system32\WSOCK32.dll
0x000007fefda20000 - 0x000007fefda6d000 	C:\Windows\system32\WS2_32.dll
0x000007fefddf0000 - 0x000007fefddf8000 	C:\Windows\system32\NSI.dll
0x000007fefa1c0000 - 0x000007fefa1fb000 	C:\Windows\system32\WINMM.dll
0x0000000077a80000 - 0x0000000077a87000 	C:\Windows\system32\PSAPI.DLL
0x0000000074e10000 - 0x0000000074e1f000 	C:\Program Files\Java\jdk1.8.0_05\jre\bin\verify.dll
0x0000000074de0000 - 0x0000000074e08000 	C:\Program Files\Java\jdk1.8.0_05\jre\bin\java.dll
0x0000000074d20000 - 0x0000000074d36000 	C:\Program Files\Java\jdk1.8.0_05\jre\bin\zip.dll
0x000007fefe9f0000 - 0x000007feff779000 	C:\Windows\system32\SHELL32.dll
0x000007fefdf70000 - 0x000007fefe173000 	C:\Windows\system32\ole32.dll
0x000007fefd660000 - 0x000007fefd66f000 	C:\Windows\system32\profapi.dll
0x00000000716d0000 - 0x0000000071866000 	C:\Program Files\Java\jdk1.8.0_05\jre\bin\awt.dll
0x000007fefde90000 - 0x000007fefdf67000 	C:\Windows\system32\OLEAUT32.dll
0x000007fefbda0000 - 0x000007fefbdf6000 	C:\Windows\system32\uxtheme.dll
0x000007fefb970000 - 0x000007fefb988000 	C:\Windows\system32\dwmapi.dll
0x000007fefd500000 - 0x000007fefd50f000 	C:\Windows\system32\CRYPTBASE.dll
0x0000000073c80000 - 0x0000000073cc7000 	C:\Program Files\Java\jdk1.8.0_05\jre\bin\fontmanager.dll
0x000007fee6c40000 - 0x000007fee6e3f000 	C:\Windows\system32\d3d9.dll
0x000007fefc5a0000 - 0x000007fefc5ac000 	C:\Windows\system32\VERSION.dll
0x000007fefc200000 - 0x000007fefc207000 	C:\Windows\system32\d3d8thk.dll
0x00000000719b0000 - 0x0000000071a7c000 	C:\Windows\system32\aticfx64.dll
0x000007fef9d60000 - 0x000007fef9d6d000 	C:\Windows\system32\atiu9p64.dll
0x0000000065a20000 - 0x0000000065f64000 	C:\Windows\system32\atiumd64.dll
0x0000000065670000 - 0x0000000065a1d000 	C:\Windows\system32\atiumd6a.dll
0x000000006dcd0000 - 0x000000006dd00000 	C:\Program Files\Java\jdk1.8.0_05\jre\bin\jpeg.dll
0x0000000074da0000 - 0x0000000074dba000 	C:\Program Files\Java\jdk1.8.0_05\jre\bin\net.dll
0x000007fefce00000 - 0x000007fefce55000 	C:\Windows\system32\mswsock.dll
0x000007fefcdf0000 - 0x000007fefcdf7000 	C:\Windows\System32\wship6.dll
0x0000000074d00000 - 0x0000000074d11000 	C:\Program Files\Java\jdk1.8.0_05\jre\bin\nio.dll
0x0000000071f60000 - 0x0000000071fa1000 	C:\Program Files\Java\jdk1.8.0_05\jre\bin\t2k.dll
0x000007fefe490000 - 0x000007fefe529000 	C:\Windows\system32\CLBCatQ.DLL
0x000007fefb7c0000 - 0x000007fefb921000 	C:\Windows\system32\WindowsCodecs.dll
0x000007fefd4a0000 - 0x000007fefd4f7000 	C:\Windows\system32\apphelp.dll
0x000007fef8070000 - 0x000007fef80a5000 	C:\Windows\system32\EhStorShell.dll
0x000007fefe5b0000 - 0x000007fefe787000 	C:\Windows\system32\SETUPAPI.dll
0x000007fefd880000 - 0x000007fefd8b6000 	C:\Windows\system32\CFGMGR32.dll
0x000007fefd8f0000 - 0x000007fefd90a000 	C:\Windows\system32\DEVOBJ.dll
0x000007fefbe30000 - 0x000007fefbf5c000 	C:\Windows\system32\PROPSYS.dll
0x000007fef79f0000 - 0x000007fef8062000 	C:\PROGRA~1\MICROS~2\Office14\GROOVEEX.DLL
0x000000006fdb0000 - 0x000000006fe53000 	C:\Windows\WinSxS\amd64_microsoft.vc90.crt_1fc8b3b9a1e18e3b_9.0.30729.6161_none_08e61857a83bc251\MSVCR90.dll
0x000000006fcd0000 - 0x000000006fda3000 	C:\Windows\WinSxS\amd64_microsoft.vc90.crt_1fc8b3b9a1e18e3b_9.0.30729.6161_none_08e61857a83bc251\MSVCP90.dll
0x000000006fca0000 - 0x000000006fccf000 	C:\Windows\WinSxS\amd64_microsoft.vc90.atl_1fc8b3b9a1e18e3b_9.0.30729.6161_none_0a1fd3a3a768b895\ATL90.DLL
0x000007fef3d70000 - 0x000007fef417f000 	C:\PROGRA~1\COMMON~1\MICROS~1\OFFICE14\Cultures\office.odf
0x000007fef3500000 - 0x000007fef3d64000 	C:\PROGRA~1\MICROS~2\Office14\1033\GrooveIntlResource.dll
0x000007fef3480000 - 0x000007fef34fe000 	C:\Windows\System32\cscui.dll
0x000007fef3470000 - 0x000007fef347c000 	C:\Windows\System32\CSCDLL.dll
0x000007fef3460000 - 0x000007fef346f000 	C:\Windows\system32\CSCAPI.dll
0x000007fef33e0000 - 0x000007fef3460000 	C:\Windows\system32\ntshrui.dll
0x000007fefd3a0000 - 0x000007fefd3c3000 	C:\Windows\system32\srvcli.dll
0x000007fef9c70000 - 0x000007fef9c7b000 	C:\Windows\system32\slc.dll
0x000007fefc820000 - 0x000007fefc827000 	C:\Windows\System32\wshtcpip.dll
0x000007fefcc80000 - 0x000007fefccdb000 	C:\Windows\system32\DNSAPI.dll
0x000007fef9b60000 - 0x000007fef9b87000 	C:\Windows\system32\IPHLPAPI.DLL
0x000007fef9b50000 - 0x000007fef9b5b000 	C:\Windows\system32\WINNSI.DLL
0x000007fef8810000 - 0x000007fef8818000 	C:\Windows\system32\rasadhlp.dll
0x000007fef9670000 - 0x000007fef96c3000 	C:\Windows\System32\fwpuclnt.dll
0x000000006d930000 - 0x000000006d95a000 	C:\Program Files\Java\jdk1.8.0_05\jre\bin\dcpr.dll
0x000007fee8ec0000 - 0x000007fee8fe5000 	C:\Windows\system32\dbghelp.dll

VM Arguments:
jvm_args: -Dfile.encoding=UTF-8 
java_command: o_osoftwaresuite.O_OManagerZone
java_class_path (initial): C:\Users\SAMUEL\Documents\dependencies\mysql-connector-java-5.1.13-bin.jar;C:\Users\SAMUEL\Documents\dependencies\rs2xml.jar;C:\Users\SAMUEL\Documents\dependencies\FrameScroller.jar;C:\Users\SAMUEL\Documents\NetBeansProjects\O_OSoftwareSuite\build\classes
Launcher Type: SUN_STANDARD

Environment Variables:
PATH=C:\Windows\system32;C:\Windows;C:\Windows\System32\Wbem;C:\Windows\System32\WindowsPowerShell\v1.0\;c:\Program Files (x86)\Microsoft SQL Server\100\Tools\Binn\;c:\Program Files\Microsoft SQL Server\100\Tools\Binn\;c:\Program Files\Microsoft SQL Server\100\DTS\Binn\;C:\Program Files\7-Zip;C:\Program Files (x86)\MySQL\MySQL Server 5.1\bin;C:\Program Files\Android\Android Studio\bin;C:\Program Files\Java\jdk1.7.0_67\bin
USERNAME=SAMUEL
OS=Windows_NT
PROCESSOR_IDENTIFIER=AMD64 Family 20 Model 2 Stepping 0, AuthenticAMD



---------------  S Y S T E M  ---------------

OS: Windows 7 , 64 bit Build 7601 Service Pack 1

CPU:total 2 (2 cores per cpu, 1 threads per core) family 20 model 2 stepping 0, cmov, cx8, fxsr, mmx, sse, sse2, sse3, ssse3, popcnt, mmxext, lzcnt, sse4a, tsc, tscinvbit

Memory: 4k page, physical 3779488k(1600048k free), swap 7557140k(4688072k free)

vm_info: Java HotSpot(TM) 64-Bit Server VM (25.5-b02) for windows-amd64 JRE (1.8.0_05-b13), built on Mar 18 2014 01:08:39 by "java_re" with MS VC++ 10.0 (VS2010)

time: Sun Mar 05 09:10:51 2017
elapsed time: 144 seconds

